2020-11-28 18:27:38,363,363 INFO 4426bf8780794a5688445fdff31389cb ColorDetector.py:28 time:1606584458 :__init__ info: Initializing logger object
2020-11-28 18:33:29,329,329 INFO 0883153f68c5435287b35d3d1ca00956 ColorDetector.py:28 time:1606584809 :__init__ info: Initializing logger object
2020-11-28 18:33:39,526,526 INFO 319a96f26229414ba62f8b3a5149874e ColorDetector.py:28 time:1606584819 :__init__ info: Initializing logger object
2020-11-28 18:34:26,376,376 INFO b53ed2a6bdc7467da5e232ea51b8b599 ColorDetector.py:28 time:1606584866 :__init__ info: Initializing logger object
2020-11-28 19:07:43,313,313 INFO 360adbed62a84a6e95568c9565f287f4 ColorDetector.py:28 time:1606586863 :__init__ info: Initializing logger object
2020-11-28 19:07:43,314,314 ERROR 360adbed62a84a6e95568c9565f287f4 ColorDetector.py:78 time:1606586863 :identify_color_contours id:1606586863 color: green
2020-11-28 19:07:53,640,640 INFO fc20728853db4a0dbbf0bc006020f90f ColorDetector.py:28 time:1606586873 :__init__ info: Initializing logger object
2020-11-28 19:07:53,640,640 ERROR fc20728853db4a0dbbf0bc006020f90f ColorDetector.py:78 time:1606586873 :identify_color_contours id:1606586873 color: green
2020-11-28 19:07:53,744,744 INFO fc20728853db4a0dbbf0bc006020f90f ColorDetector.py:101 time:1606586873 :identify_color_contours id: 1606586873 ext: jpg save_image_path: /home/local/LLEIDANET/rtruchero/Escritorio/gitprojs/EmptyMeatDetection/localstore/1606586873/frame.jpg save_mask_path: /home/local/LLEIDANET/rtruchero/Escritorio/gitprojs/EmptyMeatDetection/localstore/1606586873/mask.jpg
2020-11-28 19:08:58,631,631 INFO e4345a8d70934db9b308588a6b1c0d04 ColorDetector.py:28 time:1606586938 :__init__ info: Initializing logger object
2020-11-28 19:08:58,631,631 ERROR e4345a8d70934db9b308588a6b1c0d04 ColorDetector.py:78 time:1606586938 :identify_color_contours id:1606586938 color: green
2020-11-28 19:08:58,731,731 INFO e4345a8d70934db9b308588a6b1c0d04 ColorDetector.py:101 time:1606586938 :identify_color_contours id: 1606586938 ext: jpg save_image_path: /home/local/LLEIDANET/rtruchero/Escritorio/gitprojs/EmptyMeatDetection/localstore/1606586938/frame.jpg save_mask_path: /home/local/LLEIDANET/rtruchero/Escritorio/gitprojs/EmptyMeatDetection/localstore/1606586938/mask.jpg
2020-11-28 19:08:58,768,768 INFO e4345a8d70934db9b308588a6b1c0d04 ColorDetector.py:104 time:1606586938 :identify_color_contours id: 1606586938 save_image_path: /home/local/LLEIDANET/rtruchero/Escritorio/gitprojs/EmptyMeatDetection/localstore/1606586938/mask.jpg info: Image saved OK!
2020-11-28 19:08:58,780,780 INFO e4345a8d70934db9b308588a6b1c0d04 ColorDetector.py:107 time:1606586938 :identify_color_contours id: 1606586938 save_mask_path: /home/local/LLEIDANET/rtruchero/Escritorio/gitprojs/EmptyMeatDetection/localstore/1606586938/mask.jpg info: Image saved OK!
2020-11-28 19:10:32,007,7 INFO fa27e422e5974e75b5de0ff187332e17 ColorDetector.py:28 time:1606587032 :__init__ info: Initializing logger object
2020-11-28 19:10:32,007,7 ERROR fa27e422e5974e75b5de0ff187332e17 ColorDetector.py:78 time:1606587032 :identify_color_contours id:1606587032 color: green
2020-11-28 19:10:32,122,122 INFO fa27e422e5974e75b5de0ff187332e17 ColorDetector.py:101 time:1606587032 :identify_color_contours id: 1606587032 ext: jpg save_image_path: /home/local/LLEIDANET/rtruchero/Escritorio/gitprojs/EmptyMeatDetection/localstore/1606587032/frame.jpg save_mask_path: /home/local/LLEIDANET/rtruchero/Escritorio/gitprojs/EmptyMeatDetection/localstore/1606587032/mask.jpg
2020-11-28 19:10:32,122,122 INFO fa27e422e5974e75b5de0ff187332e17 ColorDetector.py:104 time:1606587032 :identify_color_contours id: 1606587032 save_image_path: /home/local/LLEIDANET/rtruchero/Escritorio/gitprojs/EmptyMeatDetection/localstore/1606587032/mask.jpg info: Image saved OK!
2020-11-28 19:10:32,122,122 INFO fa27e422e5974e75b5de0ff187332e17 ColorDetector.py:107 time:1606587032 :identify_color_contours id: 1606587032 save_mask_path: /home/local/LLEIDANET/rtruchero/Escritorio/gitprojs/EmptyMeatDetection/localstore/1606587032/mask.jpg info: Mask saved OK!
2020-11-28 19:11:03,178,178 INFO ee18b269ceea4f0793244e1239a3dc78 ColorDetector.py:28 time:1606587063 :__init__ info: Initializing logger object
2020-11-28 19:11:03,179,179 ERROR ee18b269ceea4f0793244e1239a3dc78 ColorDetector.py:78 time:1606587063 :identify_color_contours id:1606587063 color: green
2020-11-28 19:11:03,278,278 INFO ee18b269ceea4f0793244e1239a3dc78 ColorDetector.py:101 time:1606587063 :identify_color_contours id: 1606587063 ext: jpg save_image_path: /home/local/LLEIDANET/rtruchero/Escritorio/gitprojs/EmptyMeatDetection/localstore/1606587063/frame.jpg save_mask_path: /home/local/LLEIDANET/rtruchero/Escritorio/gitprojs/EmptyMeatDetection/localstore/1606587063/mask.jpg
2020-11-28 19:11:03,328,328 INFO ee18b269ceea4f0793244e1239a3dc78 ColorDetector.py:104 time:1606587063 :identify_color_contours id: 1606587063 save_image_path: /home/local/LLEIDANET/rtruchero/Escritorio/gitprojs/EmptyMeatDetection/localstore/1606587063/mask.jpg info: Image saved OK!
2020-11-28 19:11:03,343,343 INFO ee18b269ceea4f0793244e1239a3dc78 ColorDetector.py:107 time:1606587063 :identify_color_contours id: 1606587063 save_mask_path: /home/local/LLEIDANET/rtruchero/Escritorio/gitprojs/EmptyMeatDetection/localstore/1606587063/mask.jpg info: Mask saved OK!
2020-11-28 19:12:09,732,732 INFO e65b28b0e2554f2289d6a7fe30a93d94 ColorDetector.py:28 time:1606587129 :__init__ info: Initializing logger object
2020-11-28 19:12:09,732,732 ERROR e65b28b0e2554f2289d6a7fe30a93d94 ColorDetector.py:78 time:1606587129 :identify_color_contours id:1606587129 color: green
2020-11-28 19:12:09,819,819 INFO e65b28b0e2554f2289d6a7fe30a93d94 ColorDetector.py:101 time:1606587129 :identify_color_contours id: 1606587129 ext: jpg save_image_path: /home/local/LLEIDANET/rtruchero/Escritorio/gitprojs/EmptyMeatDetection/localstore/1606587129/frame.jpg save_mask_path: /home/local/LLEIDANET/rtruchero/Escritorio/gitprojs/EmptyMeatDetection/localstore/1606587129/mask.jpg
2020-11-28 19:12:09,856,856 INFO e65b28b0e2554f2289d6a7fe30a93d94 ColorDetector.py:104 time:1606587129 :identify_color_contours id: 1606587129 save_image_path: /home/local/LLEIDANET/rtruchero/Escritorio/gitprojs/EmptyMeatDetection/localstore/1606587129/mask.jpg info: Image saved OK!
2020-11-28 19:12:09,869,869 INFO e65b28b0e2554f2289d6a7fe30a93d94 ColorDetector.py:107 time:1606587129 :identify_color_contours id: 1606587129 save_mask_path: /home/local/LLEIDANET/rtruchero/Escritorio/gitprojs/EmptyMeatDetection/localstore/1606587129/mask.jpg info: Mask saved OK!
